<?xml version="1.0" encoding="UTF-8"?>
<testsuite xmlns:xsi="http://www.w3.org/2001/XMLSchema-instance" xsi:noNamespaceSchemaLocation="https://maven.apache.org/surefire/maven-surefire-plugin/xsd/surefire-test-report-3.0.xsd" version="3.0" name="CalculoTest" time="0.027" tests="5" errors="0" skipped="0" failures="0">
  <properties>
[...]
</properties>
  <testcase name="testTraceRouteSinCamino" classname="CalculoTest" time="0.018">
    <system-out><![CDATA[[WARNING] Couldn't load group class 'org.jgrapht.OptionalTests' in Surefire|Failsafe plugin. The group class is ignored!
[WARNING] Couldn't load group class 'org.jgrapht.SlowTests' in Surefire|Failsafe plugin. The group class is ignored!
]]></system-out>
  </testcase>
  <testcase name="testCargarDatos" classname="CalculoTest" time="0"/>
  <testcase name="testTraceRouteNoExistente" classname="CalculoTest" time="0.002"/>
  <testcase name="testPingEquipoInactivo" classname="CalculoTest" time="0"/>
  <testcase name="testPingEquipoActivo" classname="CalculoTest" time="0"/>
</testsuite>